# JRE version: OpenJDK Runtime Environment Temurin-17.0.1+12 (17.0.1+12) (build 17.0.1+12)
# Java VM: OpenJDK 64-Bit Server VM Temurin-17.0.1+12 (17.0.1+12, mixed mode, sharing, tiered, compressed oops, compressed class ptrs, g1 gc, linux-amd64)
GC Precious Log:
 CPUs: 2 total, 2 available
 Memory: 7929M
 Large Page Support: Disabled
 NUMA Support: Disabled
 Compressed Oops: Enabled (Zero based)
 Heap Region Size: 8M
 Heap Min Capacity: 2G
 Heap Initial Capacity: 2G
 Heap Max Capacity: 10G
 Pre-touch: Disabled
 Parallel Workers: 2
 Concurrent Workers: 1
 Concurrent Refinement Workers: 2
 Periodic GC: Disabled
Heap:
 garbage-first heap   total 2596864K, used 355350K [0x0000000580000000, 0x0000000800000000)
  region size 8192K, 24 young (196608K), 4 survivors (32768K)
 Metaspace       used 19652K, committed 20032K, reserved 1073152K
  class space    used 2173K, committed 2368K, reserved 1048576K
GC Heap History (20 events):
Event: 58.714 GC heap before
{Heap before GC invocations=2 (full 0):
 garbage-first heap   total 2113536K, used 137824K [0x0000000580000000, 0x0000000800000000)
  region size 8192K, 12 young (98304K), 2 survivors (16384K)
 Metaspace       used 12835K, committed 13120K, reserved 1064960K
  class space    used 1373K, committed 1536K, reserved 1048576K
}
Event: 58.746 GC heap after
{Heap after GC invocations=3 (full 0):
 garbage-first heap   total 2113536K, used 69222K [0x0000000580000000, 0x0000000800000000)
  region size 8192K, 2 young (16384K), 2 survivors (16384K)
 Metaspace       used 12835K, committed 13120K, reserved 1064960K
  class space    used 1373K, committed 1536K, reserved 1048576K
}
Event: 59.482 GC heap before
{Heap before GC invocations=3 (full 0):
 garbage-first heap   total 2113536K, used 151142K [0x0000000580000000, 0x0000000800000000)
  region size 8192K, 12 young (98304K), 2 survivors (16384K)
 Metaspace       used 13089K, committed 13440K, reserved 1064960K
  class space    used 1373K, committed 1536K, reserved 1048576K
}
Event: 59.534 GC heap after
{Heap after GC invocations=4 (full 0):
 garbage-first heap   total 2113536K, used 84814K [0x0000000580000000, 0x0000000800000000)
  region size 8192K, 2 young (16384K), 2 survivors (16384K)
 Metaspace       used 13089K, committed 13440K, reserved 1064960K
  class space    used 1373K, committed 1536K, reserved 1048576K
}
Event: 60.454 GC heap before
{Heap before GC invocations=4 (full 0):
 garbage-first heap   total 2113536K, used 158542K [0x0000000580000000, 0x0000000800000000)
  region size 8192K, 12 young (98304K), 2 survivors (16384K)
 Metaspace       used 13120K, committed 13440K, reserved 1064960K
  class space    used 1373K, committed 1536K, reserved 1048576K
}
Event: 60.490 GC heap after
{Heap after GC invocations=5 (full 0):
 garbage-first heap   total 2113536K, used 99152K [0x0000000580000000, 0x0000000800000000)
  region size 8192K, 2 young (16384K), 2 survivors (16384K)
 Metaspace       used 13120K, committed 13440K, reserved 1064960K
  class space    used 1373K, committed 1536K, reserved 1048576K
}
Event: 61.345 GC heap before
{Heap before GC invocations=5 (full 0):
 garbage-first heap   total 2113536K, used 181072K [0x0000000580000000, 0x0000000800000000)
  region size 8192K, 12 young (98304K), 2 survivors (16384K)
 Metaspace       used 13139K, committed 13440K, reserved 1064960K
  class space    used 1373K, committed 1536K, reserved 1048576K
}
Event: 61.369 GC heap after
{Heap after GC invocations=6 (full 0):
 garbage-first heap   total 2113536K, used 98380K [0x0000000580000000, 0x0000000800000000)
  region size 8192K, 1 young (8192K), 1 survivors (8192K)
 Metaspace       used 13139K, committed 13440K, reserved 1064960K
  class space    used 1373K, committed 1536K, reserved 1048576K
}
Event: 62.163 GC heap before
{Heap before GC invocations=6 (full 0):
 garbage-first heap   total 2113536K, used 188492K [0x0000000580000000, 0x0000000800000000)
  region size 8192K, 12 young (98304K), 1 survivors (8192K)
 Metaspace       used 13142K, committed 13440K, reserved 1064960K
  class space    used 1373K, committed 1536K, reserved 1048576K
}
Event: 62.189 GC heap after
{Heap after GC invocations=7 (full 0):
 garbage-first heap   total 2113536K, used 106036K [0x0000000580000000, 0x0000000800000000)
  region size 8192K, 2 young (16384K), 2 survivors (16384K)
 Metaspace       used 13142K, committed 13440K, reserved 1064960K
  class space    used 1373K, committed 1536K, reserved 1048576K
}
Event: 63.028 GC heap before
{Heap before GC invocations=7 (full 0):
 garbage-first heap   total 2113536K, used 187956K [0x0000000580000000, 0x0000000800000000)
  region size 8192K, 12 young (98304K), 2 survivors (16384K)
 Metaspace       used 13145K, committed 13440K, reserved 1064960K
  class space    used 1373K, committed 1536K, reserved 1048576K
}
Event: 63.061 GC heap after
{Heap after GC invocations=8 (full 0):
 garbage-first heap   total 2113536K, used 112160K [0x0000000580000000, 0x0000000800000000)
  region size 8192K, 1 young (8192K), 1 survivors (8192K)
 Metaspace       used 13145K, committed 13440K, reserved 1064960K
  class space    used 1373K, committed 1536K, reserved 1048576K
}
Event: 64.244 GC heap before
{Heap before GC invocations=8 (full 0):
 garbage-first heap   total 2113536K, used 243232K [0x0000000580000000, 0x0000000800000000)
  region size 8192K, 17 young (139264K), 1 survivors (8192K)
 Metaspace       used 13153K, committed 13504K, reserved 1064960K
  class space    used 1373K, committed 1536K, reserved 1048576K
}
Event: 64.266 GC heap after
{Heap after GC invocations=9 (full 0):
 garbage-first heap   total 2596864K, used 121159K [0x0000000580000000, 0x0000000800000000)
  region size 8192K, 2 young (16384K), 2 survivors (16384K)
 Metaspace       used 13153K, committed 13504K, reserved 1064960K
  class space    used 1373K, committed 1536K, reserved 1048576K
}
Event: 65.956 GC heap before
{Heap before GC invocations=9 (full 0):
 garbage-first heap   total 2596864K, used 268615K [0x0000000580000000, 0x0000000800000000)
  region size 8192K, 20 young (163840K), 2 survivors (16384K)
 Metaspace       used 13155K, committed 13504K, reserved 1064960K
  class space    used 1373K, committed 1536K, reserved 1048576K
}
Event: 65.987 GC heap after
{Heap after GC invocations=10 (full 0):
 garbage-first heap   total 2596864K, used 129335K [0x0000000580000000, 0x0000000800000000)
  region size 8192K, 3 young (24576K), 3 survivors (24576K)
 Metaspace       used 13155K, committed 13504K, reserved 1064960K
  class space    used 1373K, committed 1536K, reserved 1048576K
}
Event: 69.048 GC heap before
{Heap before GC invocations=10 (full 0):
 garbage-first heap   total 2596864K, used 399671K [0x0000000580000000, 0x0000000800000000)
  region size 8192K, 36 young (294912K), 3 survivors (24576K)
 Metaspace       used 13158K, committed 13504K, reserved 1064960K
  class space    used 1373K, committed 1536K, reserved 1048576K
}
Event: 69.087 GC heap after
{Heap after GC invocations=11 (full 0):
 garbage-first heap   total 2596864K, used 147574K [0x0000000580000000, 0x0000000800000000)
  region size 8192K, 5 young (40960K), 5 survivors (40960K)
 Metaspace       used 13158K, committed 13504K, reserved 1064960K
  class space    used 1373K, committed 1536K, reserved 1048576K
}
Event: 71.224 GC heap before
{Heap before GC invocations=11 (full 0):
 garbage-first heap   total 2596864K, used 401526K [0x0000000580000000, 0x0000000800000000)
  region size 8192K, 36 young (294912K), 5 survivors (40960K)
 Metaspace       used 13161K, committed 13504K, reserved 1064960K
  class space    used 1373K, committed 1536K, reserved 1048576K
}
Event: 71.275 GC heap after
{Heap after GC invocations=12 (full 0):
 garbage-first heap   total 2596864K, used 158742K [0x0000000580000000, 0x0000000800000000)
  region size 8192K, 4 young (32768K), 4 survivors (32768K)
 Metaspace       used 13161K, committed 13504K, reserved 1064960K
  class space    used 1373K, committed 1536K, reserved 1048576K
}

